<?xml version="1.0" encoding="UTF-8"?>
<!-- Generated by org.testng.reporters.JUnitXMLReporter -->
<testsuite ignored="0" hostname="LAPTOP-53SU0BPD" failures="0" tests="2" name="ChromeTest" time="168.141" errors="0" timestamp="2022-09-17T19:24:18 IST">
  <testcase classname="practiceTestNG.VerifyRoomPage" name="A_verifyingGoBackToMessengerPage" time="24.83"/>
  <testcase classname="practiceTestNG.VerifyRoomPage" name="B_verifyingVisitHelpCenterPage" time="12.518"/>
</testsuite> <!-- ChromeTest -->
