<?xml version="1.0" encoding="UTF-8"?>
<!-- Generated by org.testng.reporters.JUnitXMLReporter -->
<testsuite ignored="0" hostname="LAPTOP-53SU0BPD" failures="0" tests="2" name="FireFoxTest" time="73.425" errors="0" timestamp="2022-09-17T19:25:32 IST">
  <testcase classname="practiceTestNG.VerifyRoomPage" name="A_verifyingGoBackToMessengerPage" time="6.083"/>
  <testcase classname="practiceTestNG.VerifyRoomPage" name="B_verifyingVisitHelpCenterPage" time="2.491"/>
</testsuite> <!-- FireFoxTest -->
