<?xml version="1.0" encoding="UTF-8"?>
<testng-results ignored="0" total="1" passed="1" failed="0" skipped="0">
  <reporter-output>
  </reporter-output>
  <suite started-at="2022-09-08T22:47:23 IST" name="Default suite" finished-at="2022-09-08T22:47:23 IST" duration-ms="318">
    <groups>
    </groups>
    <test started-at="2022-09-08T22:47:23 IST" name="Default test" finished-at="2022-09-08T22:47:23 IST" duration-ms="318">
      <class name="pack1.TestNG">
        <test-method is-config="true" signature="beforeclass()[pri:0, instance:pack1.TestNG@bef2d72]" started-at="2022-09-08T22:47:23 IST" name="beforeclass" finished-at="2022-09-08T22:47:23 IST" duration-ms="41" status="PASS">
          <reporter-output>
          </reporter-output>
        </test-method> <!-- beforeclass -->
        <test-method is-config="true" signature="beforemethod()[pri:0, instance:pack1.TestNG@bef2d72]" started-at="2022-09-08T22:47:23 IST" name="beforemethod" finished-at="2022-09-08T22:47:23 IST" duration-ms="1" status="PASS">
          <reporter-output>
          </reporter-output>
        </test-method> <!-- beforemethod -->
        <test-method signature="test1()[pri:0, instance:pack1.TestNG@bef2d72]" started-at="2022-09-08T22:47:23 IST" name="test1" finished-at="2022-09-08T22:47:23 IST" duration-ms="114" status="PASS">
          <reporter-output>
          </reporter-output>
        </test-method> <!-- test1 -->
        <test-method is-config="true" signature="aftermethod()[pri:0, instance:pack1.TestNG@bef2d72]" started-at="2022-09-08T22:47:23 IST" name="aftermethod" finished-at="2022-09-08T22:47:23 IST" duration-ms="1" status="PASS">
          <reporter-output>
          </reporter-output>
        </test-method> <!-- aftermethod -->
        <test-method is-config="true" signature="afterclass()[pri:0, instance:pack1.TestNG@bef2d72]" started-at="2022-09-08T22:47:23 IST" name="afterclass" finished-at="2022-09-08T22:47:23 IST" duration-ms="2" status="PASS">
          <reporter-output>
          </reporter-output>
        </test-method> <!-- afterclass -->
      </class> <!-- pack1.TestNG -->
    </test> <!-- Default test -->
  </suite> <!-- Default suite -->
</testng-results>
